# ReDsume CI — Historique des runs
Run #21 — V2 Playwright [pass] — Tue Jun  2 11:37:20 UTC 2026
Run #22 — V2 Playwright [pass] — Tue Jun  2 16:58:54 UTC 2026
Run #23 — V2 Playwright [pass] — Tue Jun  2 19:01:33 UTC 2026
Run #24 — V2 Playwright [pass] — Tue Jun  2 20:27:46 UTC 2026
Run #25 — V2 Playwright [pass] — Wed Jun  3 13:03:50 UTC 2026
Run #26 — V2 Playwright [pass] — Wed Jun  3 14:38:34 UTC 2026
Run #27 — V2 Playwright [pass] — Wed Jun  3 17:23:52 UTC 2026
Run #28 — V2 Playwright [pass] — Wed Jun  3 18:33:31 UTC 2026
Run #29 — V2 Playwright [pass] — Wed Jun  3 20:37:52 UTC 2026
Run #30 — V2 Playwright [pass] — Thu Jun  4 17:13:57 UTC 2026
Run #31 — V2 Playwright [pass] — Thu Jun  4 18:30:25 UTC 2026
Run #32 — V2 Playwright [pass] — Fri Jun  5 12:34:27 UTC 2026
Run #33 — V2 Playwright [pass] — Fri Jun  5 16:45:56 UTC 2026
Run #34 — V2 Playwright [pass] — Fri Jun  5 19:16:11 UTC 2026
Run #35 — V2 Playwright [pass] — Sat Jun  6 10:13:24 UTC 2026
Run #36 — V2 Playwright [pass] — Mon Jun  8 17:07:39 UTC 2026
Run #37 — V2 Playwright [pass] — Mon Jun  8 18:07:19 UTC 2026
Run #38 — V2 Playwright [pass] — Tue Jun  9 19:36:05 UTC 2026
Run #39 — V2 Playwright [pass] — Wed Jun 10 12:00:24 UTC 2026
Run #40 — V2 Playwright [pass] — Thu Jun 11 14:10:01 UTC 2026
Run #41 — V2 Playwright [pass] — Thu Jun 11 17:07:59 UTC 2026
Run #42 — V2 Playwright [pass] — Thu Jun 11 18:23:38 UTC 2026
Run #43 — V2 Playwright [pass] — Thu Jun 11 19:49:40 UTC 2026
Run #44 — V2 Playwright [pass] — Fri Jun 12 11:53:52 UTC 2026
Run #45 — V2 Playwright [pass] — Fri Jun 12 17:55:06 UTC 2026
Run #46 — V2 Playwright [pass] — Fri Jun 12 19:19:09 UTC 2026
Run #47 — V2 Playwright [pass] — Sat Jun 13 13:10:42 UTC 2026
Run #48 — V2 Playwright [pass] — Sat Jun 13 15:59:19 UTC 2026
Run #49 — V2 Playwright [pass] — Mon Jun 15 18:14:59 UTC 2026
Run #50 — V2 Playwright [pass] — Mon Jun 15 20:41:33 UTC 2026
Run #51 — V2 Playwright [pass] — Tue Jun 16 13:45:42 UTC 2026
Run #52 — V2 Playwright [pass] — Wed Jun 17 12:05:56 UTC 2026
Run #53 — V2 Playwright [pass] — Wed Jun 17 12:59:21 UTC 2026
Run #54 — V2 Playwright [pass] — Wed Jun 17 16:57:15 UTC 2026
Run #55 — V2 Playwright [pass] — Wed Jun 17 18:20:10 UTC 2026
Run #56 — V2 Playwright [pass] — Wed Jun 17 19:41:35 UTC 2026
Run #57 — V2 Playwright [pass] — Thu Jun 18 19:50:14 UTC 2026
Run #58 — V2 Playwright [pass] — Fri Jun 19 13:43:13 UTC 2026
Run #59 — V2 Playwright [pass] — Mon Jun 22 14:43:44 UTC 2026
